c:\users\administrator\desktop\백업\81_sr_kartrider\client\default\debug\client.pch
c:\users\administrator\desktop\백업\81_sr_kartrider\client\default\debug\vc140.pdb
c:\users\administrator\desktop\백업\81_sr_kartrider\client\default\debug\vc140.idb
c:\users\administrator\desktop\백업\81_sr_kartrider\client\default\debug\stdafx.obj
c:\users\administrator\desktop\백업\81_sr_kartrider\client\default\debug\terrain.obj
c:\users\administrator\desktop\백업\81_sr_kartrider\client\default\debug\tetris.obj
c:\users\administrator\desktop\백업\81_sr_kartrider\client\default\debug\tetrismanager.obj
c:\users\administrator\desktop\백업\81_sr_kartrider\client\default\debug\tetris_blue.obj
c:\users\administrator\desktop\백업\81_sr_kartrider\client\default\debug\tetris_bridge_red.obj
c:\users\administrator\desktop\백업\81_sr_kartrider\client\default\debug\tetris_bridge_white.obj
c:\users\administrator\desktop\백업\81_sr_kartrider\client\default\debug\tetris_purple1.obj
c:\users\administrator\desktop\백업\81_sr_kartrider\client\default\debug\tetris_purple2.obj
c:\users\administrator\desktop\백업\81_sr_kartrider\client\default\debug\tetris_red.obj
c:\users\administrator\desktop\백업\81_sr_kartrider\client\default\debug\tetris_yellow1.obj
c:\users\administrator\desktop\백업\81_sr_kartrider\client\default\debug\tetris_yellow2.obj
c:\users\administrator\desktop\백업\81_sr_kartrider\client\default\debug\timeui.obj
c:\users\administrator\desktop\백업\81_sr_kartrider\client\default\debug\trackminimap.obj
c:\users\administrator\desktop\백업\81_sr_kartrider\client\default\debug\tree_green1.obj
c:\users\administrator\desktop\백업\81_sr_kartrider\client\default\debug\tree_green2.obj
c:\users\administrator\desktop\백업\81_sr_kartrider\client\default\debug\tree_housered.obj
c:\users\administrator\desktop\백업\81_sr_kartrider\client\default\debug\tree_red.obj
c:\users\administrator\desktop\백업\81_sr_kartrider\client\default\debug\waitingroom_bg.obj
c:\users\administrator\desktop\백업\81_sr_kartrider\client\default\debug\water.obj
c:\users\administrator\desktop\백업\81_sr_kartrider\client\default\debug\client.obj
c:\users\administrator\desktop\백업\81_sr_kartrider\client\default\debug\rankingmanager.obj
c:\users\administrator\desktop\백업\81_sr_kartrider\client\default\debug\rankingui.obj
c:\users\administrator\desktop\백업\81_sr_kartrider\client\default\debug\ray_tri.obj
c:\users\administrator\desktop\백업\81_sr_kartrider\client\default\debug\ray_tri2.obj
c:\users\administrator\desktop\백업\81_sr_kartrider\client\default\debug\recordingmanager.obj
c:\users\administrator\desktop\백업\81_sr_kartrider\client\default\debug\rotatehouse.obj
c:\users\administrator\desktop\백업\81_sr_kartrider\client\default\debug\skidmark.obj
c:\users\administrator\desktop\백업\81_sr_kartrider\client\default\debug\skybox.obj
c:\users\administrator\desktop\백업\81_sr_kartrider\client\default\debug\smoke_effect.obj
c:\users\administrator\desktop\백업\81_sr_kartrider\client\default\debug\speedui.obj
c:\users\administrator\desktop\백업\81_sr_kartrider\client\default\debug\speeduibackground.obj
c:\users\administrator\desktop\백업\81_sr_kartrider\client\default\debug\speeduinumber.obj
c:\users\administrator\desktop\백업\81_sr_kartrider\client\default\debug\speeduioutline.obj
c:\users\administrator\desktop\백업\81_sr_kartrider\client\default\debug\speeduisub.obj
c:\users\administrator\desktop\백업\81_sr_kartrider\client\default\debug\stage.obj
c:\users\administrator\desktop\백업\81_sr_kartrider\client\default\debug\stage_meshtest.obj
c:\users\administrator\desktop\백업\81_sr_kartrider\client\default\debug\stage_modeltest.obj
c:\users\administrator\desktop\백업\81_sr_kartrider\client\default\debug\stage_navtest.obj
c:\users\administrator\desktop\백업\81_sr_kartrider\client\default\debug\startbutton.obj
c:\users\administrator\desktop\백업\81_sr_kartrider\client\default\debug\startcountingui.obj
c:\users\administrator\desktop\백업\81_sr_kartrider\client\default\debug\item_icon.obj
c:\users\administrator\desktop\백업\81_sr_kartrider\client\default\debug\item_magnet.obj
c:\users\administrator\desktop\백업\81_sr_kartrider\client\default\debug\item_missile.obj
c:\users\administrator\desktop\백업\81_sr_kartrider\client\default\debug\item_ufo.obj
c:\users\administrator\desktop\백업\81_sr_kartrider\client\default\debug\item_water_bomb.obj
c:\users\administrator\desktop\백업\81_sr_kartrider\client\default\debug\item_water_fly.obj
c:\users\administrator\desktop\백업\81_sr_kartrider\client\default\debug\jumpbox.obj
c:\users\administrator\desktop\백업\81_sr_kartrider\client\default\debug\kartridersign.obj
c:\users\administrator\desktop\백업\81_sr_kartrider\client\default\debug\lapsui.obj
c:\users\administrator\desktop\백업\81_sr_kartrider\client\default\debug\loading.obj
c:\users\administrator\desktop\백업\81_sr_kartrider\client\default\debug\loading_bg.obj
c:\users\administrator\desktop\백업\81_sr_kartrider\client\default\debug\logo_bg.obj
c:\users\administrator\desktop\백업\81_sr_kartrider\client\default\debug\mainapp.obj
c:\users\administrator\desktop\백업\81_sr_kartrider\client\default\debug\mediahouse.obj
c:\users\administrator\desktop\백업\81_sr_kartrider\client\default\debug\mediahousetile1.obj
c:\users\administrator\desktop\백업\81_sr_kartrider\client\default\debug\mediahousetile2.obj
c:\users\administrator\desktop\백업\81_sr_kartrider\client\default\debug\minimap.obj
c:\users\administrator\desktop\백업\81_sr_kartrider\client\default\debug\minimapicon.obj
c:\users\administrator\desktop\백업\81_sr_kartrider\client\default\debug\missile_effect.obj
c:\users\administrator\desktop\백업\81_sr_kartrider\client\default\debug\playericon.obj
c:\users\administrator\desktop\백업\81_sr_kartrider\client\default\debug\dizny_ani.obj
c:\users\administrator\desktop\백업\81_sr_kartrider\client\default\debug\endbutton.obj
c:\users\administrator\desktop\백업\81_sr_kartrider\client\default\debug\endcountui.obj
c:\users\administrator\desktop\백업\81_sr_kartrider\client\default\debug\engine_effect.obj
c:\users\administrator\desktop\백업\81_sr_kartrider\client\default\debug\fence_direct1.obj
c:\users\administrator\desktop\백업\81_sr_kartrider\client\default\debug\fence_direct2.obj
c:\users\administrator\desktop\백업\81_sr_kartrider\client\default\debug\fence_rot.obj
c:\users\administrator\desktop\백업\81_sr_kartrider\client\default\debug\gameobject_creator.obj
c:\users\administrator\desktop\백업\81_sr_kartrider\client\default\debug\gamestartbutton.obj
c:\users\administrator\desktop\백업\81_sr_kartrider\client\default\debug\greenblock.obj
c:\users\administrator\desktop\백업\81_sr_kartrider\client\default\debug\house.obj
c:\users\administrator\desktop\백업\81_sr_kartrider\client\default\debug\itembox.obj
c:\users\administrator\desktop\백업\81_sr_kartrider\client\default\debug\itembox_effect.obj
c:\users\administrator\desktop\백업\81_sr_kartrider\client\default\debug\itemslot.obj
c:\users\administrator\desktop\백업\81_sr_kartrider\client\default\debug\item_banana.obj
c:\users\administrator\desktop\백업\81_sr_kartrider\client\default\debug\item_booster.obj
c:\users\administrator\desktop\백업\81_sr_kartrider\client\default\debug\item_cloud.obj
c:\users\administrator\desktop\백업\81_sr_kartrider\client\default\debug\item_cloud_small.obj
c:\users\administrator\desktop\백업\81_sr_kartrider\client\default\debug\item_devil.obj
c:\users\administrator\desktop\백업\81_sr_kartrider\client\default\debug\item_first.obj
c:\users\administrator\desktop\백업\81_sr_kartrider\client\default\debug\bazzi_ani.obj
c:\users\administrator\desktop\백업\81_sr_kartrider\client\default\debug\bomb_effect.obj
c:\users\administrator\desktop\백업\81_sr_kartrider\client\default\debug\boosterbox.obj
c:\users\administrator\desktop\백업\81_sr_kartrider\client\default\debug\booster_effect.obj
c:\users\administrator\desktop\백업\81_sr_kartrider\client\default\debug\camera_action.obj
c:\users\administrator\desktop\백업\81_sr_kartrider\client\default\debug\camera_free.obj
c:\users\administrator\desktop\백업\81_sr_kartrider\client\default\debug\camera_minimap.obj
c:\users\administrator\desktop\백업\81_sr_kartrider\client\default\debug\camera_target.obj
c:\users\administrator\desktop\백업\81_sr_kartrider\client\default\debug\cloud.obj
c:\users\administrator\desktop\백업\81_sr_kartrider\client\default\debug\color_paper.obj
c:\users\administrator\desktop\백업\81_sr_kartrider\client\default\debug\crocodile.obj
c:\users\administrator\desktop\백업\81_sr_kartrider\client\default\debug\crocodile_face.obj
c:\users\administrator\desktop\백업\81_sr_kartrider\client\default\debug\crocodile_tail.obj
c:\users\administrator\desktop\백업\81_sr_kartrider\client\default\debug\crocodile_tree.obj
c:\users\administrator\desktop\백업\81_sr_kartrider\client\default\debug\dao.obj
c:\users\administrator\desktop\백업\81_sr_kartrider\client\default\debug\daoicon.obj
c:\users\administrator\desktop\백업\81_sr_kartrider\client\default\debug\dao_ani.obj
c:\users\administrator\desktop\백업\81_sr_kartrider\client\default\debug\debugger.obj
c:\users\administrator\desktop\백업\81_sr_kartrider\client\default\debug\dizni.obj
c:\users\administrator\desktop\백업\81_sr_kartrider\client\default\debug\dizniicon.obj
c:\users\administrator\desktop\백업\81_sr_kartrider\client\default\debug\award_box.obj
c:\users\administrator\desktop\백업\81_sr_kartrider\client\default\debug\bazzi.obj
c:\users\administrator\desktop\백업\81_sr_kartrider\client\bin\client.ilk
c:\users\administrator\desktop\백업\81_sr_kartrider\client\bin\client.exe
c:\users\administrator\desktop\백업\81_sr_kartrider\client\bin\client.pdb
c:\users\administrator\desktop\백업\81_sr_kartrider\client\default\debug\client.res
c:\users\administrator\desktop\백업\81_sr_kartrider\client\default\..\bin\client.exe
c:\users\administrator\desktop\백업\81_sr_kartrider\client\default\debug\client.tlog\cl.command.1.tlog
c:\users\administrator\desktop\백업\81_sr_kartrider\client\default\debug\client.tlog\cl.read.1.tlog
c:\users\administrator\desktop\백업\81_sr_kartrider\client\default\debug\client.tlog\cl.write.1.tlog
c:\users\administrator\desktop\백업\81_sr_kartrider\client\default\debug\client.tlog\link.command.1.tlog
c:\users\administrator\desktop\백업\81_sr_kartrider\client\default\debug\client.tlog\link.read.1.tlog
c:\users\administrator\desktop\백업\81_sr_kartrider\client\default\debug\client.tlog\link.write.1.tlog
c:\users\administrator\desktop\백업\81_sr_kartrider\client\default\debug\client.tlog\rc.command.1.tlog
c:\users\administrator\desktop\백업\81_sr_kartrider\client\default\debug\client.tlog\rc.read.1.tlog
c:\users\administrator\desktop\백업\81_sr_kartrider\client\default\debug\client.tlog\rc.write.1.tlog
