c:\users\administrator\desktop\백업\81_sr_kartrider\engine\default\debug\vc140.pdb
c:\users\administrator\desktop\백업\81_sr_kartrider\engine\default\debug\vc140.idb
c:\users\administrator\desktop\백업\81_sr_kartrider\engine\default\debug\model.obj
c:\users\administrator\desktop\백업\81_sr_kartrider\engine\default\debug\mylocalinfo.obj
c:\users\administrator\desktop\백업\81_sr_kartrider\engine\default\debug\mylocalinfo_cubecol.obj
c:\users\administrator\desktop\백업\81_sr_kartrider\engine\default\debug\mymesh.obj
c:\users\administrator\desktop\백업\81_sr_kartrider\engine\default\debug\navmesh.obj
c:\users\administrator\desktop\백업\81_sr_kartrider\engine\default\debug\rectcol.obj
c:\users\administrator\desktop\백업\81_sr_kartrider\engine\default\debug\recttex.obj
c:\users\administrator\desktop\백업\81_sr_kartrider\engine\default\debug\renderer.obj
c:\users\administrator\desktop\백업\81_sr_kartrider\engine\default\debug\scene.obj
c:\users\administrator\desktop\백업\81_sr_kartrider\engine\default\debug\scenemgr.obj
c:\users\administrator\desktop\백업\81_sr_kartrider\engine\default\debug\sphere_buffer.obj
c:\users\administrator\desktop\백업\81_sr_kartrider\engine\default\debug\terrain_buffer.obj
c:\users\administrator\desktop\백업\81_sr_kartrider\engine\default\debug\texture.obj
c:\users\administrator\desktop\백업\81_sr_kartrider\engine\default\debug\timer.obj
c:\users\administrator\desktop\백업\81_sr_kartrider\engine\default\debug\timermgr.obj
c:\users\administrator\desktop\백업\81_sr_kartrider\engine\default\debug\transform.obj
c:\users\administrator\desktop\백업\81_sr_kartrider\engine\default\debug\tricol.obj
c:\users\administrator\desktop\백업\81_sr_kartrider\engine\default\debug\vehicle.obj
c:\users\administrator\desktop\백업\81_sr_kartrider\engine\default\debug\vibuffer.obj
c:\users\administrator\desktop\백업\81_sr_kartrider\engine\default\debug\viewport_buffer.obj
c:\users\administrator\desktop\백업\81_sr_kartrider\engine\default\debug\base.obj
c:\users\administrator\desktop\백업\81_sr_kartrider\engine\default\debug\camera.obj
c:\users\administrator\desktop\백업\81_sr_kartrider\engine\default\debug\collisioner.obj
c:\users\administrator\desktop\백업\81_sr_kartrider\engine\default\debug\component.obj
c:\users\administrator\desktop\백업\81_sr_kartrider\engine\default\debug\componentmgr.obj
c:\users\administrator\desktop\백업\81_sr_kartrider\engine\default\debug\cubecol.obj
c:\users\administrator\desktop\백업\81_sr_kartrider\engine\default\debug\cubetex.obj
c:\users\administrator\desktop\백업\81_sr_kartrider\engine\default\debug\frame.obj
c:\users\administrator\desktop\백업\81_sr_kartrider\engine\default\debug\framemgr.obj
c:\users\administrator\desktop\백업\81_sr_kartrider\engine\default\debug\gameobject.obj
c:\users\administrator\desktop\백업\81_sr_kartrider\engine\default\debug\gameobjectmgr.obj
c:\users\administrator\desktop\백업\81_sr_kartrider\engine\default\debug\graphicdev.obj
c:\users\administrator\desktop\백업\81_sr_kartrider\engine\default\debug\inputdev.obj
c:\users\administrator\desktop\백업\81_sr_kartrider\engine\default\debug\layer.obj
c:\users\administrator\desktop\백업\81_sr_kartrider\engine\default\debug\mathmgr.obj
c:\users\administrator\desktop\백업\81_sr_kartrider\engine\bin\engine.lib
c:\users\administrator\desktop\백업\81_sr_kartrider\engine\bin\engine.exp
c:\users\administrator\desktop\백업\81_sr_kartrider\engine\bin\engine.ilk
c:\users\administrator\desktop\백업\81_sr_kartrider\engine\bin\engine.dll
c:\users\administrator\desktop\백업\81_sr_kartrider\engine\bin\engine.pdb
c:\users\administrator\desktop\백업\81_sr_kartrider\engine\default\..\bin\engine.dll
c:\users\administrator\desktop\백업\81_sr_kartrider\engine\default\debug\engine.tlog\cl.command.1.tlog
c:\users\administrator\desktop\백업\81_sr_kartrider\engine\default\debug\engine.tlog\cl.read.1.tlog
c:\users\administrator\desktop\백업\81_sr_kartrider\engine\default\debug\engine.tlog\cl.write.1.tlog
c:\users\administrator\desktop\백업\81_sr_kartrider\engine\default\debug\engine.tlog\engine.write.1u.tlog
c:\users\administrator\desktop\백업\81_sr_kartrider\engine\default\debug\engine.tlog\link.command.1.tlog
c:\users\administrator\desktop\백업\81_sr_kartrider\engine\default\debug\engine.tlog\link.read.1.tlog
c:\users\administrator\desktop\백업\81_sr_kartrider\engine\default\debug\engine.tlog\link.write.1.tlog
